
*** Running vivado
    with args -log design_1_AES128_IP_0_0.vds -m64 -product Vivado -mode batch -messageDb vivado.pb -notrace -source design_1_AES128_IP_0_0.tcl


****** Vivado v2017.4 (64-bit)
  **** SW Build 2086221 on Fri Dec 15 20:55:39 MST 2017
  **** IP Build 2085800 on Fri Dec 15 22:25:07 MST 2017
    ** Copyright 1986-2017 Xilinx, Inc. All Rights Reserved.

source design_1_AES128_IP_0_0.tcl -notrace
Command: synth_design -top design_1_AES128_IP_0_0 -part xc7a100tcsg324-1 -mode out_of_context
Starting synth_design
Attempting to get a license for feature 'Synthesis' and/or device 'xc7a100t'
INFO: [Common 17-349] Got license for feature 'Synthesis' and/or device 'xc7a100t'
INFO: Launching helper process for spawning children vivado processes
INFO: Helper process launched with PID 8016 
---------------------------------------------------------------------------------
Starting RTL Elaboration : Time (s): cpu = 00:00:08 ; elapsed = 00:00:10 . Memory (MB): peak = 426.809 ; gain = 99.648
---------------------------------------------------------------------------------
INFO: [Synth 8-638] synthesizing module 'design_1_AES128_IP_0_0' [c:/Users/Utilizador/VivadoProjects/EncryptionAES128/EncryptionAES128.srcs/sources_1/bd/design_1/ip/design_1_AES128_IP_0_0/synth/design_1_AES128_IP_0_0.vhd:82]
	Parameter C_S00_AXI_DATA_WIDTH bound to: 32 - type: integer 
	Parameter C_S00_AXI_ADDR_WIDTH bound to: 6 - type: integer 
INFO: [Synth 8-3491] module 'AES128_IP_v1_0' declared at 'c:/Users/Utilizador/VivadoProjects/EncryptionAES128/EncryptionAES128.srcs/sources_1/bd/design_1/ipshared/3815/hdl/AES128_IP_v1_0.vhd:5' bound to instance 'U0' of component 'AES128_IP_v1_0' [c:/Users/Utilizador/VivadoProjects/EncryptionAES128/EncryptionAES128.srcs/sources_1/bd/design_1/ip/design_1_AES128_IP_0_0/synth/design_1_AES128_IP_0_0.vhd:147]
INFO: [Synth 8-638] synthesizing module 'AES128_IP_v1_0' [c:/Users/Utilizador/VivadoProjects/EncryptionAES128/EncryptionAES128.srcs/sources_1/bd/design_1/ipshared/3815/hdl/AES128_IP_v1_0.vhd:49]
	Parameter C_S00_AXI_DATA_WIDTH bound to: 32 - type: integer 
	Parameter C_S00_AXI_ADDR_WIDTH bound to: 6 - type: integer 
	Parameter C_S_AXI_DATA_WIDTH bound to: 32 - type: integer 
	Parameter C_S_AXI_ADDR_WIDTH bound to: 6 - type: integer 
INFO: [Synth 8-3491] module 'AES128_IP_v1_0_S00_AXI' declared at 'c:/Users/Utilizador/VivadoProjects/EncryptionAES128/EncryptionAES128.srcs/sources_1/bd/design_1/ipshared/3815/hdl/AES128_IP_v1_0_S00_AXI.vhd:5' bound to instance 'AES128_IP_v1_0_S00_AXI_inst' of component 'AES128_IP_v1_0_S00_AXI' [c:/Users/Utilizador/VivadoProjects/EncryptionAES128/EncryptionAES128.srcs/sources_1/bd/design_1/ipshared/3815/hdl/AES128_IP_v1_0.vhd:85]
INFO: [Synth 8-638] synthesizing module 'AES128_IP_v1_0_S00_AXI' [c:/Users/Utilizador/VivadoProjects/EncryptionAES128/EncryptionAES128.srcs/sources_1/bd/design_1/ipshared/3815/hdl/AES128_IP_v1_0_S00_AXI.vhd:86]
	Parameter C_S_AXI_DATA_WIDTH bound to: 32 - type: integer 
	Parameter C_S_AXI_ADDR_WIDTH bound to: 6 - type: integer 
INFO: [Synth 8-226] default block is never used [c:/Users/Utilizador/VivadoProjects/EncryptionAES128/EncryptionAES128.srcs/sources_1/bd/design_1/ipshared/3815/hdl/AES128_IP_v1_0_S00_AXI.vhd:261]
INFO: [Synth 8-226] default block is never used [c:/Users/Utilizador/VivadoProjects/EncryptionAES128/EncryptionAES128.srcs/sources_1/bd/design_1/ipshared/3815/hdl/AES128_IP_v1_0_S00_AXI.vhd:499]
INFO: [Synth 8-3491] module 'AES' declared at 'c:/Users/Utilizador/VivadoProjects/EncryptionAES128/EncryptionAES128.srcs/sources_1/bd/design_1/ipshared/3815/hdl/AES.vhd:24' bound to instance 'AESAlg' of component 'AES' [c:/Users/Utilizador/VivadoProjects/EncryptionAES128/EncryptionAES128.srcs/sources_1/bd/design_1/ipshared/3815/hdl/AES128_IP_v1_0_S00_AXI.vhd:561]
INFO: [Synth 8-638] synthesizing module 'AES' [c:/Users/Utilizador/VivadoProjects/EncryptionAES128/EncryptionAES128.srcs/sources_1/bd/design_1/ipshared/3815/hdl/AES.vhd:32]
INFO: [Synth 8-638] synthesizing module 'vectorToMatrix' [c:/Users/Utilizador/VivadoProjects/EncryptionAES128/EncryptionAES128.srcs/sources_1/bd/design_1/ipshared/3815/hdl/vectorToMatrix.vhd:13]
WARNING: [Synth 8-614] signal 'in_vec' is read in the process but is not in the sensitivity list [c:/Users/Utilizador/VivadoProjects/EncryptionAES128/EncryptionAES128.srcs/sources_1/bd/design_1/ipshared/3815/hdl/vectorToMatrix.vhd:16]
WARNING: [Synth 8-614] signal 'mat' is read in the process but is not in the sensitivity list [c:/Users/Utilizador/VivadoProjects/EncryptionAES128/EncryptionAES128.srcs/sources_1/bd/design_1/ipshared/3815/hdl/vectorToMatrix.vhd:16]
INFO: [Synth 8-256] done synthesizing module 'vectorToMatrix' (1#1) [c:/Users/Utilizador/VivadoProjects/EncryptionAES128/EncryptionAES128.srcs/sources_1/bd/design_1/ipshared/3815/hdl/vectorToMatrix.vhd:13]
INFO: [Synth 8-638] synthesizing module 'KeyExpansion' [c:/Users/Utilizador/VivadoProjects/EncryptionAES128/EncryptionAES128.srcs/sources_1/bd/design_1/ipshared/3815/hdl/KeyExpansion.vhd:16]
WARNING: [Synth 8-614] signal 'cipherKey' is read in the process but is not in the sensitivity list [c:/Users/Utilizador/VivadoProjects/EncryptionAES128/EncryptionAES128.srcs/sources_1/bd/design_1/ipshared/3815/hdl/KeyExpansion.vhd:56]
INFO: [Synth 8-256] done synthesizing module 'KeyExpansion' (2#1) [c:/Users/Utilizador/VivadoProjects/EncryptionAES128/EncryptionAES128.srcs/sources_1/bd/design_1/ipshared/3815/hdl/KeyExpansion.vhd:16]
INFO: [Synth 8-638] synthesizing module 'AddRoundKey' [c:/Users/Utilizador/VivadoProjects/EncryptionAES128/EncryptionAES128.srcs/sources_1/bd/design_1/ipshared/3815/hdl/AddRoundKey.vhd:16]
WARNING: [Synth 8-614] signal 'in_state' is read in the process but is not in the sensitivity list [c:/Users/Utilizador/VivadoProjects/EncryptionAES128/EncryptionAES128.srcs/sources_1/bd/design_1/ipshared/3815/hdl/AddRoundKey.vhd:18]
WARNING: [Synth 8-614] signal 'round_key' is read in the process but is not in the sensitivity list [c:/Users/Utilizador/VivadoProjects/EncryptionAES128/EncryptionAES128.srcs/sources_1/bd/design_1/ipshared/3815/hdl/AddRoundKey.vhd:18]
INFO: [Synth 8-256] done synthesizing module 'AddRoundKey' (3#1) [c:/Users/Utilizador/VivadoProjects/EncryptionAES128/EncryptionAES128.srcs/sources_1/bd/design_1/ipshared/3815/hdl/AddRoundKey.vhd:16]
INFO: [Synth 8-638] synthesizing module 'SubBytes' [c:/Users/Utilizador/VivadoProjects/EncryptionAES128/EncryptionAES128.srcs/sources_1/bd/design_1/ipshared/3815/hdl/SubBytes.vhd:14]
WARNING: [Synth 8-614] signal 'in_state' is read in the process but is not in the sensitivity list [c:/Users/Utilizador/VivadoProjects/EncryptionAES128/EncryptionAES128.srcs/sources_1/bd/design_1/ipshared/3815/hdl/SubBytes.vhd:45]
WARNING: [Synth 8-614] signal 'index00' is read in the process but is not in the sensitivity list [c:/Users/Utilizador/VivadoProjects/EncryptionAES128/EncryptionAES128.srcs/sources_1/bd/design_1/ipshared/3815/hdl/SubBytes.vhd:45]
WARNING: [Synth 8-614] signal 'index10' is read in the process but is not in the sensitivity list [c:/Users/Utilizador/VivadoProjects/EncryptionAES128/EncryptionAES128.srcs/sources_1/bd/design_1/ipshared/3815/hdl/SubBytes.vhd:45]
WARNING: [Synth 8-614] signal 'index20' is read in the process but is not in the sensitivity list [c:/Users/Utilizador/VivadoProjects/EncryptionAES128/EncryptionAES128.srcs/sources_1/bd/design_1/ipshared/3815/hdl/SubBytes.vhd:45]
WARNING: [Synth 8-614] signal 'index30' is read in the process but is not in the sensitivity list [c:/Users/Utilizador/VivadoProjects/EncryptionAES128/EncryptionAES128.srcs/sources_1/bd/design_1/ipshared/3815/hdl/SubBytes.vhd:45]
WARNING: [Synth 8-614] signal 'index01' is read in the process but is not in the sensitivity list [c:/Users/Utilizador/VivadoProjects/EncryptionAES128/EncryptionAES128.srcs/sources_1/bd/design_1/ipshared/3815/hdl/SubBytes.vhd:45]
WARNING: [Synth 8-614] signal 'index11' is read in the process but is not in the sensitivity list [c:/Users/Utilizador/VivadoProjects/EncryptionAES128/EncryptionAES128.srcs/sources_1/bd/design_1/ipshared/3815/hdl/SubBytes.vhd:45]
WARNING: [Synth 8-614] signal 'index21' is read in the process but is not in the sensitivity list [c:/Users/Utilizador/VivadoProjects/EncryptionAES128/EncryptionAES128.srcs/sources_1/bd/design_1/ipshared/3815/hdl/SubBytes.vhd:45]
WARNING: [Synth 8-614] signal 'index31' is read in the process but is not in the sensitivity list [c:/Users/Utilizador/VivadoProjects/EncryptionAES128/EncryptionAES128.srcs/sources_1/bd/design_1/ipshared/3815/hdl/SubBytes.vhd:45]
WARNING: [Synth 8-614] signal 'index02' is read in the process but is not in the sensitivity list [c:/Users/Utilizador/VivadoProjects/EncryptionAES128/EncryptionAES128.srcs/sources_1/bd/design_1/ipshared/3815/hdl/SubBytes.vhd:45]
WARNING: [Synth 8-614] signal 'index12' is read in the process but is not in the sensitivity list [c:/Users/Utilizador/VivadoProjects/EncryptionAES128/EncryptionAES128.srcs/sources_1/bd/design_1/ipshared/3815/hdl/SubBytes.vhd:45]
WARNING: [Synth 8-614] signal 'index22' is read in the process but is not in the sensitivity list [c:/Users/Utilizador/VivadoProjects/EncryptionAES128/EncryptionAES128.srcs/sources_1/bd/design_1/ipshared/3815/hdl/SubBytes.vhd:45]
WARNING: [Synth 8-614] signal 'index32' is read in the process but is not in the sensitivity list [c:/Users/Utilizador/VivadoProjects/EncryptionAES128/EncryptionAES128.srcs/sources_1/bd/design_1/ipshared/3815/hdl/SubBytes.vhd:45]
WARNING: [Synth 8-614] signal 'index03' is read in the process but is not in the sensitivity list [c:/Users/Utilizador/VivadoProjects/EncryptionAES128/EncryptionAES128.srcs/sources_1/bd/design_1/ipshared/3815/hdl/SubBytes.vhd:45]
WARNING: [Synth 8-614] signal 'index13' is read in the process but is not in the sensitivity list [c:/Users/Utilizador/VivadoProjects/EncryptionAES128/EncryptionAES128.srcs/sources_1/bd/design_1/ipshared/3815/hdl/SubBytes.vhd:45]
WARNING: [Synth 8-614] signal 'index23' is read in the process but is not in the sensitivity list [c:/Users/Utilizador/VivadoProjects/EncryptionAES128/EncryptionAES128.srcs/sources_1/bd/design_1/ipshared/3815/hdl/SubBytes.vhd:45]
WARNING: [Synth 8-614] signal 'index33' is read in the process but is not in the sensitivity list [c:/Users/Utilizador/VivadoProjects/EncryptionAES128/EncryptionAES128.srcs/sources_1/bd/design_1/ipshared/3815/hdl/SubBytes.vhd:45]
INFO: [Synth 8-256] done synthesizing module 'SubBytes' (4#1) [c:/Users/Utilizador/VivadoProjects/EncryptionAES128/EncryptionAES128.srcs/sources_1/bd/design_1/ipshared/3815/hdl/SubBytes.vhd:14]
INFO: [Synth 8-638] synthesizing module 'RowShifter' [c:/Users/Utilizador/VivadoProjects/EncryptionAES128/EncryptionAES128.srcs/sources_1/bd/design_1/ipshared/3815/hdl/RowShifter.vhd:19]
WARNING: [Synth 8-614] signal 'in_state' is read in the process but is not in the sensitivity list [c:/Users/Utilizador/VivadoProjects/EncryptionAES128/EncryptionAES128.srcs/sources_1/bd/design_1/ipshared/3815/hdl/RowShifter.vhd:21]
INFO: [Synth 8-256] done synthesizing module 'RowShifter' (5#1) [c:/Users/Utilizador/VivadoProjects/EncryptionAES128/EncryptionAES128.srcs/sources_1/bd/design_1/ipshared/3815/hdl/RowShifter.vhd:19]
INFO: [Synth 8-638] synthesizing module 'MixColumns' [c:/Users/Utilizador/VivadoProjects/EncryptionAES128/EncryptionAES128.srcs/sources_1/bd/design_1/ipshared/3815/hdl/MixColumns.vhd:19]
WARNING: [Synth 8-614] signal 'in_state' is read in the process but is not in the sensitivity list [c:/Users/Utilizador/VivadoProjects/EncryptionAES128/EncryptionAES128.srcs/sources_1/bd/design_1/ipshared/3815/hdl/MixColumns.vhd:73]
WARNING: [Synth 8-614] signal 'byte00_2' is read in the process but is not in the sensitivity list [c:/Users/Utilizador/VivadoProjects/EncryptionAES128/EncryptionAES128.srcs/sources_1/bd/design_1/ipshared/3815/hdl/MixColumns.vhd:73]
WARNING: [Synth 8-614] signal 'byte10_3' is read in the process but is not in the sensitivity list [c:/Users/Utilizador/VivadoProjects/EncryptionAES128/EncryptionAES128.srcs/sources_1/bd/design_1/ipshared/3815/hdl/MixColumns.vhd:73]
WARNING: [Synth 8-614] signal 'byte10_2' is read in the process but is not in the sensitivity list [c:/Users/Utilizador/VivadoProjects/EncryptionAES128/EncryptionAES128.srcs/sources_1/bd/design_1/ipshared/3815/hdl/MixColumns.vhd:73]
WARNING: [Synth 8-614] signal 'byte20_3' is read in the process but is not in the sensitivity list [c:/Users/Utilizador/VivadoProjects/EncryptionAES128/EncryptionAES128.srcs/sources_1/bd/design_1/ipshared/3815/hdl/MixColumns.vhd:73]
WARNING: [Synth 8-614] signal 'byte20_2' is read in the process but is not in the sensitivity list [c:/Users/Utilizador/VivadoProjects/EncryptionAES128/EncryptionAES128.srcs/sources_1/bd/design_1/ipshared/3815/hdl/MixColumns.vhd:73]
WARNING: [Synth 8-614] signal 'byte30_3' is read in the process but is not in the sensitivity list [c:/Users/Utilizador/VivadoProjects/EncryptionAES128/EncryptionAES128.srcs/sources_1/bd/design_1/ipshared/3815/hdl/MixColumns.vhd:73]
WARNING: [Synth 8-614] signal 'byte00_3' is read in the process but is not in the sensitivity list [c:/Users/Utilizador/VivadoProjects/EncryptionAES128/EncryptionAES128.srcs/sources_1/bd/design_1/ipshared/3815/hdl/MixColumns.vhd:73]
WARNING: [Synth 8-614] signal 'byte30_2' is read in the process but is not in the sensitivity list [c:/Users/Utilizador/VivadoProjects/EncryptionAES128/EncryptionAES128.srcs/sources_1/bd/design_1/ipshared/3815/hdl/MixColumns.vhd:73]
WARNING: [Synth 8-614] signal 'byte01_2' is read in the process but is not in the sensitivity list [c:/Users/Utilizador/VivadoProjects/EncryptionAES128/EncryptionAES128.srcs/sources_1/bd/design_1/ipshared/3815/hdl/MixColumns.vhd:73]
WARNING: [Synth 8-614] signal 'byte11_3' is read in the process but is not in the sensitivity list [c:/Users/Utilizador/VivadoProjects/EncryptionAES128/EncryptionAES128.srcs/sources_1/bd/design_1/ipshared/3815/hdl/MixColumns.vhd:73]
WARNING: [Synth 8-614] signal 'byte11_2' is read in the process but is not in the sensitivity list [c:/Users/Utilizador/VivadoProjects/EncryptionAES128/EncryptionAES128.srcs/sources_1/bd/design_1/ipshared/3815/hdl/MixColumns.vhd:73]
WARNING: [Synth 8-614] signal 'byte21_3' is read in the process but is not in the sensitivity list [c:/Users/Utilizador/VivadoProjects/EncryptionAES128/EncryptionAES128.srcs/sources_1/bd/design_1/ipshared/3815/hdl/MixColumns.vhd:73]
WARNING: [Synth 8-614] signal 'byte21_2' is read in the process but is not in the sensitivity list [c:/Users/Utilizador/VivadoProjects/EncryptionAES128/EncryptionAES128.srcs/sources_1/bd/design_1/ipshared/3815/hdl/MixColumns.vhd:73]
WARNING: [Synth 8-614] signal 'byte31_3' is read in the process but is not in the sensitivity list [c:/Users/Utilizador/VivadoProjects/EncryptionAES128/EncryptionAES128.srcs/sources_1/bd/design_1/ipshared/3815/hdl/MixColumns.vhd:73]
WARNING: [Synth 8-614] signal 'byte01_3' is read in the process but is not in the sensitivity list [c:/Users/Utilizador/VivadoProjects/EncryptionAES128/EncryptionAES128.srcs/sources_1/bd/design_1/ipshared/3815/hdl/MixColumns.vhd:73]
WARNING: [Synth 8-614] signal 'byte31_2' is read in the process but is not in the sensitivity list [c:/Users/Utilizador/VivadoProjects/EncryptionAES128/EncryptionAES128.srcs/sources_1/bd/design_1/ipshared/3815/hdl/MixColumns.vhd:73]
WARNING: [Synth 8-614] signal 'byte02_2' is read in the process but is not in the sensitivity list [c:/Users/Utilizador/VivadoProjects/EncryptionAES128/EncryptionAES128.srcs/sources_1/bd/design_1/ipshared/3815/hdl/MixColumns.vhd:73]
WARNING: [Synth 8-614] signal 'byte12_3' is read in the process but is not in the sensitivity list [c:/Users/Utilizador/VivadoProjects/EncryptionAES128/EncryptionAES128.srcs/sources_1/bd/design_1/ipshared/3815/hdl/MixColumns.vhd:73]
WARNING: [Synth 8-614] signal 'byte12_2' is read in the process but is not in the sensitivity list [c:/Users/Utilizador/VivadoProjects/EncryptionAES128/EncryptionAES128.srcs/sources_1/bd/design_1/ipshared/3815/hdl/MixColumns.vhd:73]
WARNING: [Synth 8-614] signal 'byte22_3' is read in the process but is not in the sensitivity list [c:/Users/Utilizador/VivadoProjects/EncryptionAES128/EncryptionAES128.srcs/sources_1/bd/design_1/ipshared/3815/hdl/MixColumns.vhd:73]
WARNING: [Synth 8-614] signal 'byte22_2' is read in the process but is not in the sensitivity list [c:/Users/Utilizador/VivadoProjects/EncryptionAES128/EncryptionAES128.srcs/sources_1/bd/design_1/ipshared/3815/hdl/MixColumns.vhd:73]
WARNING: [Synth 8-614] signal 'byte32_3' is read in the process but is not in the sensitivity list [c:/Users/Utilizador/VivadoProjects/EncryptionAES128/EncryptionAES128.srcs/sources_1/bd/design_1/ipshared/3815/hdl/MixColumns.vhd:73]
WARNING: [Synth 8-614] signal 'byte02_3' is read in the process but is not in the sensitivity list [c:/Users/Utilizador/VivadoProjects/EncryptionAES128/EncryptionAES128.srcs/sources_1/bd/design_1/ipshared/3815/hdl/MixColumns.vhd:73]
WARNING: [Synth 8-614] signal 'byte32_2' is read in the process but is not in the sensitivity list [c:/Users/Utilizador/VivadoProjects/EncryptionAES128/EncryptionAES128.srcs/sources_1/bd/design_1/ipshared/3815/hdl/MixColumns.vhd:73]
WARNING: [Synth 8-614] signal 'byte03_2' is read in the process but is not in the sensitivity list [c:/Users/Utilizador/VivadoProjects/EncryptionAES128/EncryptionAES128.srcs/sources_1/bd/design_1/ipshared/3815/hdl/MixColumns.vhd:73]
WARNING: [Synth 8-614] signal 'byte13_3' is read in the process but is not in the sensitivity list [c:/Users/Utilizador/VivadoProjects/EncryptionAES128/EncryptionAES128.srcs/sources_1/bd/design_1/ipshared/3815/hdl/MixColumns.vhd:73]
WARNING: [Synth 8-614] signal 'byte13_2' is read in the process but is not in the sensitivity list [c:/Users/Utilizador/VivadoProjects/EncryptionAES128/EncryptionAES128.srcs/sources_1/bd/design_1/ipshared/3815/hdl/MixColumns.vhd:73]
WARNING: [Synth 8-614] signal 'byte23_3' is read in the process but is not in the sensitivity list [c:/Users/Utilizador/VivadoProjects/EncryptionAES128/EncryptionAES128.srcs/sources_1/bd/design_1/ipshared/3815/hdl/MixColumns.vhd:73]
WARNING: [Synth 8-614] signal 'byte23_2' is read in the process but is not in the sensitivity list [c:/Users/Utilizador/VivadoProjects/EncryptionAES128/EncryptionAES128.srcs/sources_1/bd/design_1/ipshared/3815/hdl/MixColumns.vhd:73]
WARNING: [Synth 8-614] signal 'byte33_3' is read in the process but is not in the sensitivity list [c:/Users/Utilizador/VivadoProjects/EncryptionAES128/EncryptionAES128.srcs/sources_1/bd/design_1/ipshared/3815/hdl/MixColumns.vhd:73]
WARNING: [Synth 8-614] signal 'byte03_3' is read in the process but is not in the sensitivity list [c:/Users/Utilizador/VivadoProjects/EncryptionAES128/EncryptionAES128.srcs/sources_1/bd/design_1/ipshared/3815/hdl/MixColumns.vhd:73]
WARNING: [Synth 8-614] signal 'byte33_2' is read in the process but is not in the sensitivity list [c:/Users/Utilizador/VivadoProjects/EncryptionAES128/EncryptionAES128.srcs/sources_1/bd/design_1/ipshared/3815/hdl/MixColumns.vhd:73]
INFO: [Synth 8-256] done synthesizing module 'MixColumns' (6#1) [c:/Users/Utilizador/VivadoProjects/EncryptionAES128/EncryptionAES128.srcs/sources_1/bd/design_1/ipshared/3815/hdl/MixColumns.vhd:19]
INFO: [Synth 8-638] synthesizing module 'MatrixToVector' [c:/Users/Utilizador/VivadoProjects/EncryptionAES128/EncryptionAES128.srcs/sources_1/bd/design_1/ipshared/3815/hdl/MatrixToVector.vhd:12]
WARNING: [Synth 8-614] signal 'in_mat' is read in the process but is not in the sensitivity list [c:/Users/Utilizador/VivadoProjects/EncryptionAES128/EncryptionAES128.srcs/sources_1/bd/design_1/ipshared/3815/hdl/MatrixToVector.vhd:14]
INFO: [Synth 8-256] done synthesizing module 'MatrixToVector' (7#1) [c:/Users/Utilizador/VivadoProjects/EncryptionAES128/EncryptionAES128.srcs/sources_1/bd/design_1/ipshared/3815/hdl/MatrixToVector.vhd:12]
WARNING: [Synth 8-614] signal 's_output' is read in the process but is not in the sensitivity list [c:/Users/Utilizador/VivadoProjects/EncryptionAES128/EncryptionAES128.srcs/sources_1/bd/design_1/ipshared/3815/hdl/AES.vhd:269]
INFO: [Synth 8-256] done synthesizing module 'AES' (8#1) [c:/Users/Utilizador/VivadoProjects/EncryptionAES128/EncryptionAES128.srcs/sources_1/bd/design_1/ipshared/3815/hdl/AES.vhd:32]
WARNING: [Synth 8-6014] Unused sequential element slv_reg8_reg was removed.  [c:/Users/Utilizador/VivadoProjects/EncryptionAES128/EncryptionAES128.srcs/sources_1/bd/design_1/ipshared/3815/hdl/AES128_IP_v1_0_S00_AXI.vhd:250]
WARNING: [Synth 8-6014] Unused sequential element slv_reg9_reg was removed.  [c:/Users/Utilizador/VivadoProjects/EncryptionAES128/EncryptionAES128.srcs/sources_1/bd/design_1/ipshared/3815/hdl/AES128_IP_v1_0_S00_AXI.vhd:251]
WARNING: [Synth 8-6014] Unused sequential element slv_reg10_reg was removed.  [c:/Users/Utilizador/VivadoProjects/EncryptionAES128/EncryptionAES128.srcs/sources_1/bd/design_1/ipshared/3815/hdl/AES128_IP_v1_0_S00_AXI.vhd:252]
WARNING: [Synth 8-6014] Unused sequential element slv_reg11_reg was removed.  [c:/Users/Utilizador/VivadoProjects/EncryptionAES128/EncryptionAES128.srcs/sources_1/bd/design_1/ipshared/3815/hdl/AES128_IP_v1_0_S00_AXI.vhd:253]
WARNING: [Synth 8-6014] Unused sequential element slv_reg12_reg was removed.  [c:/Users/Utilizador/VivadoProjects/EncryptionAES128/EncryptionAES128.srcs/sources_1/bd/design_1/ipshared/3815/hdl/AES128_IP_v1_0_S00_AXI.vhd:254]
WARNING: [Synth 8-6014] Unused sequential element loc_addr_reg was removed.  [c:/Users/Utilizador/VivadoProjects/EncryptionAES128/EncryptionAES128.srcs/sources_1/bd/design_1/ipshared/3815/hdl/AES128_IP_v1_0_S00_AXI.vhd:259]
INFO: [Synth 8-256] done synthesizing module 'AES128_IP_v1_0_S00_AXI' (9#1) [c:/Users/Utilizador/VivadoProjects/EncryptionAES128/EncryptionAES128.srcs/sources_1/bd/design_1/ipshared/3815/hdl/AES128_IP_v1_0_S00_AXI.vhd:86]
INFO: [Synth 8-256] done synthesizing module 'AES128_IP_v1_0' (10#1) [c:/Users/Utilizador/VivadoProjects/EncryptionAES128/EncryptionAES128.srcs/sources_1/bd/design_1/ipshared/3815/hdl/AES128_IP_v1_0.vhd:49]
INFO: [Synth 8-256] done synthesizing module 'design_1_AES128_IP_0_0' (11#1) [c:/Users/Utilizador/VivadoProjects/EncryptionAES128/EncryptionAES128.srcs/sources_1/bd/design_1/ip/design_1_AES128_IP_0_0/synth/design_1_AES128_IP_0_0.vhd:82]
WARNING: [Synth 8-3331] design MatrixToVector has unconnected port clk
WARNING: [Synth 8-3331] design AddRoundKey has unconnected port clk
WARNING: [Synth 8-3331] design RowShifter has unconnected port clk
WARNING: [Synth 8-3331] design SubBytes has unconnected port clk
WARNING: [Synth 8-3331] design MixColumns has unconnected port clk
WARNING: [Synth 8-3331] design KeyExpansion has unconnected port clk
WARNING: [Synth 8-3331] design vectorToMatrix has unconnected port clk
WARNING: [Synth 8-3331] design AES128_IP_v1_0_S00_AXI has unconnected port S_AXI_AWPROT[2]
WARNING: [Synth 8-3331] design AES128_IP_v1_0_S00_AXI has unconnected port S_AXI_AWPROT[1]
WARNING: [Synth 8-3331] design AES128_IP_v1_0_S00_AXI has unconnected port S_AXI_AWPROT[0]
WARNING: [Synth 8-3331] design AES128_IP_v1_0_S00_AXI has unconnected port S_AXI_ARPROT[2]
WARNING: [Synth 8-3331] design AES128_IP_v1_0_S00_AXI has unconnected port S_AXI_ARPROT[1]
WARNING: [Synth 8-3331] design AES128_IP_v1_0_S00_AXI has unconnected port S_AXI_ARPROT[0]
---------------------------------------------------------------------------------
Finished RTL Elaboration : Time (s): cpu = 00:00:16 ; elapsed = 00:00:19 . Memory (MB): peak = 530.473 ; gain = 203.313
---------------------------------------------------------------------------------

Report Check Netlist: 
+------+------------------+-------+---------+-------+------------------+
|      |Item              |Errors |Warnings |Status |Description       |
+------+------------------+-------+---------+-------+------------------+
|1     |multi_driven_nets |      0|        0|Passed |Multi driven nets |
+------+------------------+-------+---------+-------+------------------+
---------------------------------------------------------------------------------
Finished RTL Optimization Phase 1 : Time (s): cpu = 00:00:17 ; elapsed = 00:00:20 . Memory (MB): peak = 530.473 ; gain = 203.313
---------------------------------------------------------------------------------
INFO: [Device 21-403] Loading part xc7a100tcsg324-1
INFO: [Project 1-570] Preparing netlist for logic optimization

Processing XDC Constraints
Initializing timing engine
Completed Processing XDC Constraints

INFO: [Project 1-111] Unisim Transformation Summary:
No Unisim elements were transformed.

Constraint Validation Runtime : Time (s): cpu = 00:00:00 ; elapsed = 00:00:00.305 . Memory (MB): peak = 865.965 ; gain = 3.141
---------------------------------------------------------------------------------
Finished Constraint Validation : Time (s): cpu = 00:00:43 ; elapsed = 00:00:53 . Memory (MB): peak = 865.965 ; gain = 538.805
---------------------------------------------------------------------------------
---------------------------------------------------------------------------------
Start Loading Part and Timing Information
---------------------------------------------------------------------------------
Loading part: xc7a100tcsg324-1
---------------------------------------------------------------------------------
Finished Loading Part and Timing Information : Time (s): cpu = 00:00:43 ; elapsed = 00:00:53 . Memory (MB): peak = 865.965 ; gain = 538.805
---------------------------------------------------------------------------------
---------------------------------------------------------------------------------
Start Applying 'set_property' XDC Constraints
---------------------------------------------------------------------------------
---------------------------------------------------------------------------------
Finished applying 'set_property' XDC Constraints : Time (s): cpu = 00:00:43 ; elapsed = 00:00:53 . Memory (MB): peak = 865.965 ; gain = 538.805
---------------------------------------------------------------------------------
WARNING: [Synth 8-327] inferring latch for variable 'valid_reg' [c:/Users/Utilizador/VivadoProjects/EncryptionAES128/EncryptionAES128.srcs/sources_1/bd/design_1/ipshared/3815/hdl/AES.vhd:273]
WARNING: [Synth 8-327] inferring latch for variable 'cipherTextBlock_reg' [c:/Users/Utilizador/VivadoProjects/EncryptionAES128/EncryptionAES128.srcs/sources_1/bd/design_1/ipshared/3815/hdl/AES.vhd:272]
---------------------------------------------------------------------------------
Finished RTL Optimization Phase 2 : Time (s): cpu = 00:00:56 ; elapsed = 00:01:08 . Memory (MB): peak = 865.965 ; gain = 538.805
---------------------------------------------------------------------------------

Report RTL Partitions: 
+-+--------------+------------+----------+
| |RTL Partition |Replication |Instances |
+-+--------------+------------+----------+
+-+--------------+------------+----------+
---------------------------------------------------------------------------------
Start RTL Component Statistics 
---------------------------------------------------------------------------------
Detailed RTL Component Info : 
+---XORs : 
	   2 Input     32 Bit         XORs := 40    
	   2 Input      8 Bit         XORs := 186   
	   4 Input      8 Bit         XORs := 144   
+---Registers : 
	               32 Bit    Registers := 12    
	                6 Bit    Registers := 2     
	                2 Bit    Registers := 2     
	                1 Bit    Registers := 6     
+---Muxes : 
	   2 Input     32 Bit        Muxes := 11    
	  16 Input     32 Bit        Muxes := 11    
	   2 Input      1 Bit        Muxes := 5     
---------------------------------------------------------------------------------
Finished RTL Component Statistics 
---------------------------------------------------------------------------------
---------------------------------------------------------------------------------
Start RTL Hierarchical Component Statistics 
---------------------------------------------------------------------------------
Hierarchical RTL Component report 
Module KeyExpansion 
Detailed RTL Component Info : 
+---XORs : 
	   2 Input     32 Bit         XORs := 40    
	   2 Input      8 Bit         XORs := 10    
Module AddRoundKey 
Detailed RTL Component Info : 
+---XORs : 
	   2 Input      8 Bit         XORs := 16    
Module MixColumns 
Detailed RTL Component Info : 
+---XORs : 
	   4 Input      8 Bit         XORs := 16    
Module AES128_IP_v1_0_S00_AXI 
Detailed RTL Component Info : 
+---Registers : 
	               32 Bit    Registers := 12    
	                6 Bit    Registers := 2     
	                2 Bit    Registers := 2     
	                1 Bit    Registers := 6     
+---Muxes : 
	   2 Input     32 Bit        Muxes := 11    
	  16 Input     32 Bit        Muxes := 11    
	   2 Input      1 Bit        Muxes := 5     
---------------------------------------------------------------------------------
Finished RTL Hierarchical Component Statistics
---------------------------------------------------------------------------------
---------------------------------------------------------------------------------
Start Part Resource Summary
---------------------------------------------------------------------------------
Part Resources:
DSPs: 240 (col length:80)
BRAMs: 270 (col length: RAMB18 80 RAMB36 40)
---------------------------------------------------------------------------------
Finished Part Resource Summary
---------------------------------------------------------------------------------
---------------------------------------------------------------------------------
Start Cross Boundary and Area Optimization
---------------------------------------------------------------------------------
WARNING: [Synth 8-3331] design AddRoundKey has unconnected port clk
WARNING: [Synth 8-3331] design SubBytes has unconnected port clk
WARNING: [Synth 8-3331] design MixColumns has unconnected port clk
WARNING: [Synth 8-3331] design KeyExpansion has unconnected port clk
WARNING: [Synth 8-3331] design AES128_IP_v1_0_S00_AXI has unconnected port S_AXI_AWPROT[2]
WARNING: [Synth 8-3331] design AES128_IP_v1_0_S00_AXI has unconnected port S_AXI_AWPROT[1]
WARNING: [Synth 8-3331] design AES128_IP_v1_0_S00_AXI has unconnected port S_AXI_AWPROT[0]
WARNING: [Synth 8-3331] design AES128_IP_v1_0_S00_AXI has unconnected port S_AXI_ARPROT[2]
WARNING: [Synth 8-3331] design AES128_IP_v1_0_S00_AXI has unconnected port S_AXI_ARPROT[1]
WARNING: [Synth 8-3331] design AES128_IP_v1_0_S00_AXI has unconnected port S_AXI_ARPROT[0]
INFO: [Synth 8-3333] propagating constant 1 across sequential element (\U0/AES128_IP_v1_0_S00_AXI_inst/aw_en_reg )
INFO: [Synth 8-3886] merging instance 'U0/AES128_IP_v1_0_S00_AXI_inst/axi_rresp_reg[0]' (FDRE) to 'U0/AES128_IP_v1_0_S00_AXI_inst/axi_rresp_reg[1]'
INFO: [Synth 8-3333] propagating constant 0 across sequential element (\U0/AES128_IP_v1_0_S00_AXI_inst/axi_rresp_reg[1] )
INFO: [Synth 8-3886] merging instance 'U0/AES128_IP_v1_0_S00_AXI_inst/axi_bresp_reg[0]' (FDRE) to 'U0/AES128_IP_v1_0_S00_AXI_inst/axi_bresp_reg[1]'
INFO: [Synth 8-3333] propagating constant 0 across sequential element (\U0/AES128_IP_v1_0_S00_AXI_inst/axi_bresp_reg[1] )
WARNING: [Synth 8-3332] Sequential element (cipherTextBlock_reg[127]) is unused and will be removed from module AES.
WARNING: [Synth 8-3332] Sequential element (cipherTextBlock_reg[126]) is unused and will be removed from module AES.
WARNING: [Synth 8-3332] Sequential element (cipherTextBlock_reg[125]) is unused and will be removed from module AES.
WARNING: [Synth 8-3332] Sequential element (cipherTextBlock_reg[124]) is unused and will be removed from module AES.
WARNING: [Synth 8-3332] Sequential element (cipherTextBlock_reg[123]) is unused and will be removed from module AES.
WARNING: [Synth 8-3332] Sequential element (cipherTextBlock_reg[122]) is unused and will be removed from module AES.
WARNING: [Synth 8-3332] Sequential element (cipherTextBlock_reg[121]) is unused and will be removed from module AES.
WARNING: [Synth 8-3332] Sequential element (cipherTextBlock_reg[120]) is unused and will be removed from module AES.
WARNING: [Synth 8-3332] Sequential element (cipherTextBlock_reg[119]) is unused and will be removed from module AES.
WARNING: [Synth 8-3332] Sequential element (cipherTextBlock_reg[118]) is unused and will be removed from module AES.
WARNING: [Synth 8-3332] Sequential element (cipherTextBlock_reg[117]) is unused and will be removed from module AES.
WARNING: [Synth 8-3332] Sequential element (cipherTextBlock_reg[116]) is unused and will be removed from module AES.
WARNING: [Synth 8-3332] Sequential element (cipherTextBlock_reg[115]) is unused and will be removed from module AES.
WARNING: [Synth 8-3332] Sequential element (cipherTextBlock_reg[114]) is unused and will be removed from module AES.
WARNING: [Synth 8-3332] Sequential element (cipherTextBlock_reg[113]) is unused and will be removed from module AES.
WARNING: [Synth 8-3332] Sequential element (cipherTextBlock_reg[112]) is unused and will be removed from module AES.
WARNING: [Synth 8-3332] Sequential element (cipherTextBlock_reg[111]) is unused and will be removed from module AES.
WARNING: [Synth 8-3332] Sequential element (cipherTextBlock_reg[110]) is unused and will be removed from module AES.
WARNING: [Synth 8-3332] Sequential element (cipherTextBlock_reg[109]) is unused and will be removed from module AES.
WARNING: [Synth 8-3332] Sequential element (cipherTextBlock_reg[108]) is unused and will be removed from module AES.
WARNING: [Synth 8-3332] Sequential element (cipherTextBlock_reg[107]) is unused and will be removed from module AES.
WARNING: [Synth 8-3332] Sequential element (cipherTextBlock_reg[106]) is unused and will be removed from module AES.
WARNING: [Synth 8-3332] Sequential element (cipherTextBlock_reg[105]) is unused and will be removed from module AES.
WARNING: [Synth 8-3332] Sequential element (cipherTextBlock_reg[104]) is unused and will be removed from module AES.
WARNING: [Synth 8-3332] Sequential element (cipherTextBlock_reg[103]) is unused and will be removed from module AES.
WARNING: [Synth 8-3332] Sequential element (cipherTextBlock_reg[102]) is unused and will be removed from module AES.
WARNING: [Synth 8-3332] Sequential element (cipherTextBlock_reg[101]) is unused and will be removed from module AES.
WARNING: [Synth 8-3332] Sequential element (cipherTextBlock_reg[100]) is unused and will be removed from module AES.
WARNING: [Synth 8-3332] Sequential element (cipherTextBlock_reg[99]) is unused and will be removed from module AES.
WARNING: [Synth 8-3332] Sequential element (cipherTextBlock_reg[98]) is unused and will be removed from module AES.
WARNING: [Synth 8-3332] Sequential element (cipherTextBlock_reg[97]) is unused and will be removed from module AES.
WARNING: [Synth 8-3332] Sequential element (cipherTextBlock_reg[96]) is unused and will be removed from module AES.
WARNING: [Synth 8-3332] Sequential element (cipherTextBlock_reg[95]) is unused and will be removed from module AES.
WARNING: [Synth 8-3332] Sequential element (cipherTextBlock_reg[94]) is unused and will be removed from module AES.
WARNING: [Synth 8-3332] Sequential element (cipherTextBlock_reg[93]) is unused and will be removed from module AES.
WARNING: [Synth 8-3332] Sequential element (cipherTextBlock_reg[92]) is unused and will be removed from module AES.
WARNING: [Synth 8-3332] Sequential element (cipherTextBlock_reg[91]) is unused and will be removed from module AES.
WARNING: [Synth 8-3332] Sequential element (cipherTextBlock_reg[90]) is unused and will be removed from module AES.
WARNING: [Synth 8-3332] Sequential element (cipherTextBlock_reg[89]) is unused and will be removed from module AES.
WARNING: [Synth 8-3332] Sequential element (cipherTextBlock_reg[88]) is unused and will be removed from module AES.
WARNING: [Synth 8-3332] Sequential element (cipherTextBlock_reg[87]) is unused and will be removed from module AES.
WARNING: [Synth 8-3332] Sequential element (cipherTextBlock_reg[86]) is unused and will be removed from module AES.
WARNING: [Synth 8-3332] Sequential element (cipherTextBlock_reg[85]) is unused and will be removed from module AES.
WARNING: [Synth 8-3332] Sequential element (cipherTextBlock_reg[84]) is unused and will be removed from module AES.
WARNING: [Synth 8-3332] Sequential element (cipherTextBlock_reg[83]) is unused and will be removed from module AES.
WARNING: [Synth 8-3332] Sequential element (cipherTextBlock_reg[82]) is unused and will be removed from module AES.
WARNING: [Synth 8-3332] Sequential element (cipherTextBlock_reg[81]) is unused and will be removed from module AES.
WARNING: [Synth 8-3332] Sequential element (cipherTextBlock_reg[80]) is unused and will be removed from module AES.
WARNING: [Synth 8-3332] Sequential element (cipherTextBlock_reg[79]) is unused and will be removed from module AES.
WARNING: [Synth 8-3332] Sequential element (cipherTextBlock_reg[78]) is unused and will be removed from module AES.
WARNING: [Synth 8-3332] Sequential element (cipherTextBlock_reg[77]) is unused and will be removed from module AES.
WARNING: [Synth 8-3332] Sequential element (cipherTextBlock_reg[76]) is unused and will be removed from module AES.
WARNING: [Synth 8-3332] Sequential element (cipherTextBlock_reg[75]) is unused and will be removed from module AES.
WARNING: [Synth 8-3332] Sequential element (cipherTextBlock_reg[74]) is unused and will be removed from module AES.
WARNING: [Synth 8-3332] Sequential element (cipherTextBlock_reg[73]) is unused and will be removed from module AES.
WARNING: [Synth 8-3332] Sequential element (cipherTextBlock_reg[72]) is unused and will be removed from module AES.
WARNING: [Synth 8-3332] Sequential element (cipherTextBlock_reg[71]) is unused and will be removed from module AES.
WARNING: [Synth 8-3332] Sequential element (cipherTextBlock_reg[70]) is unused and will be removed from module AES.
WARNING: [Synth 8-3332] Sequential element (cipherTextBlock_reg[69]) is unused and will be removed from module AES.
WARNING: [Synth 8-3332] Sequential element (cipherTextBlock_reg[68]) is unused and will be removed from module AES.
WARNING: [Synth 8-3332] Sequential element (cipherTextBlock_reg[67]) is unused and will be removed from module AES.
WARNING: [Synth 8-3332] Sequential element (cipherTextBlock_reg[66]) is unused and will be removed from module AES.
WARNING: [Synth 8-3332] Sequential element (cipherTextBlock_reg[65]) is unused and will be removed from module AES.
WARNING: [Synth 8-3332] Sequential element (cipherTextBlock_reg[64]) is unused and will be removed from module AES.
WARNING: [Synth 8-3332] Sequential element (cipherTextBlock_reg[63]) is unused and will be removed from module AES.
WARNING: [Synth 8-3332] Sequential element (cipherTextBlock_reg[62]) is unused and will be removed from module AES.
WARNING: [Synth 8-3332] Sequential element (cipherTextBlock_reg[61]) is unused and will be removed from module AES.
WARNING: [Synth 8-3332] Sequential element (cipherTextBlock_reg[60]) is unused and will be removed from module AES.
WARNING: [Synth 8-3332] Sequential element (cipherTextBlock_reg[59]) is unused and will be removed from module AES.
WARNING: [Synth 8-3332] Sequential element (cipherTextBlock_reg[58]) is unused and will be removed from module AES.
WARNING: [Synth 8-3332] Sequential element (cipherTextBlock_reg[57]) is unused and will be removed from module AES.
WARNING: [Synth 8-3332] Sequential element (cipherTextBlock_reg[56]) is unused and will be removed from module AES.
WARNING: [Synth 8-3332] Sequential element (cipherTextBlock_reg[55]) is unused and will be removed from module AES.
WARNING: [Synth 8-3332] Sequential element (cipherTextBlock_reg[54]) is unused and will be removed from module AES.
WARNING: [Synth 8-3332] Sequential element (cipherTextBlock_reg[53]) is unused and will be removed from module AES.
WARNING: [Synth 8-3332] Sequential element (cipherTextBlock_reg[52]) is unused and will be removed from module AES.
WARNING: [Synth 8-3332] Sequential element (cipherTextBlock_reg[51]) is unused and will be removed from module AES.
WARNING: [Synth 8-3332] Sequential element (cipherTextBlock_reg[50]) is unused and will be removed from module AES.
WARNING: [Synth 8-3332] Sequential element (cipherTextBlock_reg[49]) is unused and will be removed from module AES.
WARNING: [Synth 8-3332] Sequential element (cipherTextBlock_reg[48]) is unused and will be removed from module AES.
WARNING: [Synth 8-3332] Sequential element (cipherTextBlock_reg[47]) is unused and will be removed from module AES.
WARNING: [Synth 8-3332] Sequential element (cipherTextBlock_reg[46]) is unused and will be removed from module AES.
WARNING: [Synth 8-3332] Sequential element (cipherTextBlock_reg[45]) is unused and will be removed from module AES.
WARNING: [Synth 8-3332] Sequential element (cipherTextBlock_reg[44]) is unused and will be removed from module AES.
WARNING: [Synth 8-3332] Sequential element (cipherTextBlock_reg[43]) is unused and will be removed from module AES.
WARNING: [Synth 8-3332] Sequential element (cipherTextBlock_reg[42]) is unused and will be removed from module AES.
WARNING: [Synth 8-3332] Sequential element (cipherTextBlock_reg[41]) is unused and will be removed from module AES.
WARNING: [Synth 8-3332] Sequential element (cipherTextBlock_reg[40]) is unused and will be removed from module AES.
WARNING: [Synth 8-3332] Sequential element (cipherTextBlock_reg[39]) is unused and will be removed from module AES.
WARNING: [Synth 8-3332] Sequential element (cipherTextBlock_reg[38]) is unused and will be removed from module AES.
WARNING: [Synth 8-3332] Sequential element (cipherTextBlock_reg[37]) is unused and will be removed from module AES.
WARNING: [Synth 8-3332] Sequential element (cipherTextBlock_reg[36]) is unused and will be removed from module AES.
WARNING: [Synth 8-3332] Sequential element (cipherTextBlock_reg[35]) is unused and will be removed from module AES.
WARNING: [Synth 8-3332] Sequential element (cipherTextBlock_reg[34]) is unused and will be removed from module AES.
WARNING: [Synth 8-3332] Sequential element (cipherTextBlock_reg[33]) is unused and will be removed from module AES.
WARNING: [Synth 8-3332] Sequential element (cipherTextBlock_reg[32]) is unused and will be removed from module AES.
WARNING: [Synth 8-3332] Sequential element (cipherTextBlock_reg[31]) is unused and will be removed from module AES.
WARNING: [Synth 8-3332] Sequential element (cipherTextBlock_reg[30]) is unused and will be removed from module AES.
WARNING: [Synth 8-3332] Sequential element (cipherTextBlock_reg[29]) is unused and will be removed from module AES.
WARNING: [Synth 8-3332] Sequential element (cipherTextBlock_reg[28]) is unused and will be removed from module AES.
INFO: [Common 17-14] Message 'Synth 8-3332' appears 100 times and further instances of the messages will be disabled. Use the Tcl command set_msg_config to change the current settings.
---------------------------------------------------------------------------------
Finished Cross Boundary and Area Optimization : Time (s): cpu = 00:02:54 ; elapsed = 00:04:00 . Memory (MB): peak = 1013.242 ; gain = 686.082
---------------------------------------------------------------------------------
---------------------------------------------------------------------------------
Start ROM, RAM, DSP and Shift Register Reporting
---------------------------------------------------------------------------------

ROM:
+-------------+--------------+---------------+----------------+
|Module Name  | RTL Object   | Depth x Width | Implemented As | 
+-------------+--------------+---------------+----------------+
|KeyExpansion | SubBoxMem[0] | 256x8         | LUT            | 
|KeyExpansion | SubBoxMem[0] | 256x8         | LUT            | 
|KeyExpansion | SubBoxMem[0] | 256x8         | LUT            | 
|KeyExpansion | SubBoxMem[0] | 256x8         | LUT            | 
|KeyExpansion | SubBoxMem[0] | 256x8         | LUT            | 
|KeyExpansion | SubBoxMem[0] | 256x8         | LUT            | 
|KeyExpansion | SubBoxMem[0] | 256x8         | LUT            | 
|KeyExpansion | SubBoxMem[0] | 256x8         | LUT            | 
|KeyExpansion | SubBoxMem[0] | 256x8         | LUT            | 
|KeyExpansion | SubBoxMem[0] | 256x8         | LUT            | 
|KeyExpansion | SubBoxMem[0] | 256x8         | LUT            | 
|KeyExpansion | SubBoxMem[0] | 256x8         | LUT            | 
|KeyExpansion | SubBoxMem[0] | 256x8         | LUT            | 
|KeyExpansion | SubBoxMem[0] | 256x8         | LUT            | 
|KeyExpansion | SubBoxMem[0] | 256x8         | LUT            | 
|KeyExpansion | SubBoxMem[0] | 256x8         | LUT            | 
|KeyExpansion | SubBoxMem[0] | 256x8         | LUT            | 
|KeyExpansion | SubBoxMem[0] | 256x8         | LUT            | 
|KeyExpansion | SubBoxMem[0] | 256x8         | LUT            | 
|KeyExpansion | SubBoxMem[0] | 256x8         | LUT            | 
|KeyExpansion | SubBoxMem[0] | 256x8         | LUT            | 
|KeyExpansion | SubBoxMem[0] | 256x8         | LUT            | 
|KeyExpansion | SubBoxMem[0] | 256x8         | LUT            | 
|KeyExpansion | SubBoxMem[0] | 256x8         | LUT            | 
|KeyExpansion | SubBoxMem[0] | 256x8         | LUT            | 
|KeyExpansion | SubBoxMem[0] | 256x8         | LUT            | 
|KeyExpansion | SubBoxMem[0] | 256x8         | LUT            | 
|KeyExpansion | SubBoxMem[0] | 256x8         | LUT            | 
|KeyExpansion | SubBoxMem[0] | 256x8         | LUT            | 
|KeyExpansion | SubBoxMem[0] | 256x8         | LUT            | 
|KeyExpansion | SubBoxMem[0] | 256x8         | LUT            | 
|KeyExpansion | SubBoxMem[0] | 256x8         | LUT            | 
|KeyExpansion | SubBoxMem[0] | 256x8         | LUT            | 
|KeyExpansion | SubBoxMem[0] | 256x8         | LUT            | 
|KeyExpansion | SubBoxMem[0] | 256x8         | LUT            | 
|KeyExpansion | SubBoxMem[0] | 256x8         | LUT            | 
|KeyExpansion | SubBoxMem[0] | 256x8         | LUT            | 
|KeyExpansion | SubBoxMem[0] | 256x8         | LUT            | 
|KeyExpansion | SubBoxMem[0] | 256x8         | LUT            | 
|KeyExpansion | SubBoxMem[0] | 256x8         | LUT            | 
|SubBytes     | SubBoxMem[0] | 256x8         | LUT            | 
|SubBytes     | SubBoxMem[0] | 256x8         | LUT            | 
|SubBytes     | SubBoxMem[0] | 256x8         | LUT            | 
|SubBytes     | SubBoxMem[0] | 256x8         | LUT            | 
|SubBytes     | SubBoxMem[0] | 256x8         | LUT            | 
|SubBytes     | SubBoxMem[0] | 256x8         | LUT            | 
|SubBytes     | SubBoxMem[0] | 256x8         | LUT            | 
|SubBytes     | SubBoxMem[0] | 256x8         | LUT            | 
|SubBytes     | SubBoxMem[0] | 256x8         | LUT            | 
|SubBytes     | SubBoxMem[0] | 256x8         | LUT            | 
|SubBytes     | SubBoxMem[0] | 256x8         | LUT            | 
|SubBytes     | SubBoxMem[0] | 256x8         | LUT            | 
|SubBytes     | SubBoxMem[0] | 256x8         | LUT            | 
|SubBytes     | SubBoxMem[0] | 256x8         | LUT            | 
|SubBytes     | SubBoxMem[0] | 256x8         | LUT            | 
|SubBytes     | SubBoxMem[0] | 256x8         | LUT            | 
|MixColumns   | LUTx3[0]     | 256x8         | LUT            | 
|MixColumns   | LUTx2[0]     | 256x8         | LUT            | 
|MixColumns   | LUTx3[0]     | 256x8         | LUT            | 
|MixColumns   | LUTx2[0]     | 256x8         | LUT            | 
|MixColumns   | LUTx3[0]     | 256x8         | LUT            | 
|MixColumns   | LUTx2[0]     | 256x8         | LUT            | 
|MixColumns   | LUTx3[0]     | 256x8         | LUT            | 
|MixColumns   | LUTx2[0]     | 256x8         | LUT            | 
|MixColumns   | LUTx2[0]     | 256x8         | LUT            | 
|MixColumns   | LUTx3[0]     | 256x8         | LUT            | 
|MixColumns   | LUTx2[0]     | 256x8         | LUT            | 
|MixColumns   | LUTx3[0]     | 256x8         | LUT            | 
|MixColumns   | LUTx2[0]     | 256x8         | LUT            | 
|MixColumns   | LUTx3[0]     | 256x8         | LUT            | 
|MixColumns   | LUTx2[0]     | 256x8         | LUT            | 
|MixColumns   | LUTx3[0]     | 256x8         | LUT            | 
|MixColumns   | LUTx2[0]     | 256x8         | LUT            | 
|MixColumns   | LUTx3[0]     | 256x8         | LUT            | 
|MixColumns   | LUTx2[0]     | 256x8         | LUT            | 
|MixColumns   | LUTx3[0]     | 256x8         | LUT            | 
|MixColumns   | LUTx2[0]     | 256x8         | LUT            | 
|MixColumns   | LUTx3[0]     | 256x8         | LUT            | 
|MixColumns   | LUTx2[0]     | 256x8         | LUT            | 
|MixColumns   | LUTx3[0]     | 256x8         | LUT            | 
|MixColumns   | LUTx2[0]     | 256x8         | LUT            | 
|MixColumns   | LUTx3[0]     | 256x8         | LUT            | 
|MixColumns   | LUTx2[0]     | 256x8         | LUT            | 
|MixColumns   | LUTx3[0]     | 256x8         | LUT            | 
|MixColumns   | LUTx2[0]     | 256x8         | LUT            | 
|MixColumns   | LUTx3[0]     | 256x8         | LUT            | 
|MixColumns   | LUTx2[0]     | 256x8         | LUT            | 
|MixColumns   | LUTx3[0]     | 256x8         | LUT            | 
|KeyExpansion | SubBoxMem[0] | 256x8         | LUT            | 
|KeyExpansion | SubBoxMem[0] | 256x8         | LUT            | 
|KeyExpansion | SubBoxMem[0] | 256x8         | LUT            | 
|KeyExpansion | SubBoxMem[0] | 256x8         | LUT            | 
|KeyExpansion | SubBoxMem[0] | 256x8         | LUT            | 
|KeyExpansion | SubBoxMem[0] | 256x8         | LUT            | 
|KeyExpansion | SubBoxMem[0] | 256x8         | LUT            | 
|KeyExpansion | SubBoxMem[0] | 256x8         | LUT            | 
|KeyExpansion | SubBoxMem[0] | 256x8         | LUT            | 
|KeyExpansion | SubBoxMem[0] | 256x8         | LUT            | 
|KeyExpansion | SubBoxMem[0] | 256x8         | LUT            | 
|KeyExpansion | SubBoxMem[0] | 256x8         | LUT            | 
|KeyExpansion | SubBoxMem[0] | 256x8         | LUT            | 
|KeyExpansion | SubBoxMem[0] | 256x8         | LUT            | 
|KeyExpansion | SubBoxMem[0] | 256x8         | LUT            | 
|KeyExpansion | SubBoxMem[0] | 256x8         | LUT            | 
|KeyExpansion | SubBoxMem[0] | 256x8         | LUT            | 
|KeyExpansion | SubBoxMem[0] | 256x8         | LUT            | 
|KeyExpansion | SubBoxMem[0] | 256x8         | LUT            | 
|KeyExpansion | SubBoxMem[0] | 256x8         | LUT            | 
|KeyExpansion | SubBoxMem[0] | 256x8         | LUT            | 
|KeyExpansion | SubBoxMem[0] | 256x8         | LUT            | 
|KeyExpansion | SubBoxMem[0] | 256x8         | LUT            | 
|KeyExpansion | SubBoxMem[0] | 256x8         | LUT            | 
|KeyExpansion | SubBoxMem[0] | 256x8         | LUT            | 
|KeyExpansion | SubBoxMem[0] | 256x8         | LUT            | 
|KeyExpansion | SubBoxMem[0] | 256x8         | LUT            | 
|KeyExpansion | SubBoxMem[0] | 256x8         | LUT            | 
|SubBytes     | SubBoxMem[0] | 256x8         | LUT            | 
|SubBytes     | SubBoxMem[0] | 256x8         | LUT            | 
|SubBytes     | SubBoxMem[0] | 256x8         | LUT            | 
|SubBytes     | SubBoxMem[0] | 256x8         | LUT            | 
|SubBytes     | SubBoxMem[0] | 256x8         | LUT            | 
|SubBytes     | SubBoxMem[0] | 256x8         | LUT            | 
|SubBytes     | SubBoxMem[0] | 256x8         | LUT            | 
|SubBytes     | SubBoxMem[0] | 256x8         | LUT            | 
|SubBytes     | SubBoxMem[0] | 256x8         | LUT            | 
|SubBytes     | SubBoxMem[0] | 256x8         | LUT            | 
|SubBytes     | SubBoxMem[0] | 256x8         | LUT            | 
|SubBytes     | SubBoxMem[0] | 256x8         | LUT            | 
|SubBytes     | SubBoxMem[0] | 256x8         | LUT            | 
|SubBytes     | SubBoxMem[0] | 256x8         | LUT            | 
|SubBytes     | SubBoxMem[0] | 256x8         | LUT            | 
|SubBytes     | SubBoxMem[0] | 256x8         | LUT            | 
|MixColumns   | LUTx3[0]     | 256x8         | LUT            | 
|MixColumns   | LUTx2[0]     | 256x8         | LUT            | 
|MixColumns   | LUTx3[0]     | 256x8         | LUT            | 
|MixColumns   | LUTx2[0]     | 256x8         | LUT            | 
|MixColumns   | LUTx3[0]     | 256x8         | LUT            | 
|MixColumns   | LUTx2[0]     | 256x8         | LUT            | 
|MixColumns   | LUTx3[0]     | 256x8         | LUT            | 
|MixColumns   | LUTx2[0]     | 256x8         | LUT            | 
|MixColumns   | LUTx2[0]     | 256x8         | LUT            | 
|MixColumns   | LUTx3[0]     | 256x8         | LUT            | 
|MixColumns   | LUTx2[0]     | 256x8         | LUT            | 
|MixColumns   | LUTx3[0]     | 256x8         | LUT            | 
|MixColumns   | LUTx2[0]     | 256x8         | LUT            | 
|MixColumns   | LUTx3[0]     | 256x8         | LUT            | 
|MixColumns   | LUTx2[0]     | 256x8         | LUT            | 
|MixColumns   | LUTx3[0]     | 256x8         | LUT            | 
|MixColumns   | LUTx2[0]     | 256x8         | LUT            | 
|MixColumns   | LUTx2[0]     | 256x8         | LUT            | 
|MixColumns   | LUTx3[0]     | 256x8         | LUT            | 
|MixColumns   | LUTx3[0]     | 256x8         | LUT            | 
|MixColumns   | LUTx2[0]     | 256x8         | LUT            | 
|MixColumns   | LUTx3[0]     | 256x8         | LUT            | 
|MixColumns   | LUTx2[0]     | 256x8         | LUT            | 
|MixColumns   | LUTx3[0]     | 256x8         | LUT            | 
|MixColumns   | LUTx2[0]     | 256x8         | LUT            | 
|MixColumns   | LUTx3[0]     | 256x8         | LUT            | 
|SubBytes     | SubBoxMem[0] | 256x8         | LUT            | 
|SubBytes     | SubBoxMem[0] | 256x8         | LUT            | 
|SubBytes     | SubBoxMem[0] | 256x8         | LUT            | 
|SubBytes     | SubBoxMem[0] | 256x8         | LUT            | 
|MixColumns   | LUTx3[0]     | 256x8         | LUT            | 
|MixColumns   | LUTx2[0]     | 256x8         | LUT            | 
|MixColumns   | LUTx2[0]     | 256x8         | LUT            | 
|MixColumns   | LUTx3[0]     | 256x8         | LUT            | 
|MixColumns   | LUTx3[0]     | 256x8         | LUT            | 
|MixColumns   | LUTx2[0]     | 256x8         | LUT            | 
|MixColumns   | LUTx2[0]     | 256x8         | LUT            | 
|MixColumns   | LUTx3[0]     | 256x8         | LUT            | 
|SubBytes     | SubBoxMem[0] | 256x8         | LUT            | 
|SubBytes     | SubBoxMem[0] | 256x8         | LUT            | 
|MixColumns   | LUTx3[0]     | 256x8         | LUT            | 
|MixColumns   | LUTx2[0]     | 256x8         | LUT            | 
|MixColumns   | LUTx2[0]     | 256x8         | LUT            | 
|MixColumns   | LUTx2[0]     | 256x8         | LUT            | 
|MixColumns   | LUTx3[0]     | 256x8         | LUT            | 
|MixColumns   | LUTx3[0]     | 256x8         | LUT            | 
|SubBytes     | SubBoxMem[0] | 256x8         | LUT            | 
|SubBytes     | SubBoxMem[0] | 256x8         | LUT            | 
|SubBytes     | SubBoxMem[0] | 256x8         | LUT            | 
|SubBytes     | SubBoxMem[0] | 256x8         | LUT            | 
|SubBytes     | SubBoxMem[0] | 256x8         | LUT            | 
|SubBytes     | SubBoxMem[0] | 256x8         | LUT            | 
|SubBytes     | SubBoxMem[0] | 256x8         | LUT            | 
|SubBytes     | SubBoxMem[0] | 256x8         | LUT            | 
|SubBytes     | SubBoxMem[0] | 256x8         | LUT            | 
|SubBytes     | SubBoxMem[0] | 256x8         | LUT            | 
|SubBytes     | SubBoxMem[0] | 256x8         | LUT            | 
|SubBytes     | SubBoxMem[0] | 256x8         | LUT            | 
|SubBytes     | SubBoxMem[0] | 256x8         | LUT            | 
|SubBytes     | SubBoxMem[0] | 256x8         | LUT            | 
|SubBytes     | SubBoxMem[0] | 256x8         | LUT            | 
|SubBytes     | SubBoxMem[0] | 256x8         | LUT            | 
|MixColumns   | LUTx3[0]     | 256x8         | LUT            | 
|MixColumns   | LUTx2[0]     | 256x8         | LUT            | 
|MixColumns   | LUTx3[0]     | 256x8         | LUT            | 
|MixColumns   | LUTx2[0]     | 256x8         | LUT            | 
|MixColumns   | LUTx3[0]     | 256x8         | LUT            | 
|MixColumns   | LUTx2[0]     | 256x8         | LUT            | 
|MixColumns   | LUTx3[0]     | 256x8         | LUT            | 
|MixColumns   | LUTx2[0]     | 256x8         | LUT            | 
|MixColumns   | LUTx2[0]     | 256x8         | LUT            | 
|MixColumns   | LUTx3[0]     | 256x8         | LUT            | 
|MixColumns   | LUTx2[0]     | 256x8         | LUT            | 
|MixColumns   | LUTx3[0]     | 256x8         | LUT            | 
|MixColumns   | LUTx2[0]     | 256x8         | LUT            | 
|MixColumns   | LUTx3[0]     | 256x8         | LUT            | 
|MixColumns   | LUTx2[0]     | 256x8         | LUT            | 
|MixColumns   | LUTx3[0]     | 256x8         | LUT            | 
|MixColumns   | LUTx2[0]     | 256x8         | LUT            | 
|MixColumns   | LUTx3[0]     | 256x8         | LUT            | 
|MixColumns   | LUTx2[0]     | 256x8         | LUT            | 
|MixColumns   | LUTx3[0]     | 256x8         | LUT            | 
|MixColumns   | LUTx2[0]     | 256x8         | LUT            | 
|MixColumns   | LUTx3[0]     | 256x8         | LUT            | 
|MixColumns   | LUTx2[0]     | 256x8         | LUT            | 
|MixColumns   | LUTx3[0]     | 256x8         | LUT            | 
|MixColumns   | LUTx2[0]     | 256x8         | LUT            | 
|MixColumns   | LUTx3[0]     | 256x8         | LUT            | 
|MixColumns   | LUTx2[0]     | 256x8         | LUT            | 
|MixColumns   | LUTx3[0]     | 256x8         | LUT            | 
|MixColumns   | LUTx2[0]     | 256x8         | LUT            | 
|MixColumns   | LUTx3[0]     | 256x8         | LUT            | 
|MixColumns   | LUTx2[0]     | 256x8         | LUT            | 
|MixColumns   | LUTx3[0]     | 256x8         | LUT            | 
|SubBytes     | SubBoxMem[0] | 256x8         | LUT            | 
|SubBytes     | SubBoxMem[0] | 256x8         | LUT            | 
|SubBytes     | SubBoxMem[0] | 256x8         | LUT            | 
|SubBytes     | SubBoxMem[0] | 256x8         | LUT            | 
|MixColumns   | LUTx2[0]     | 256x8         | LUT            | 
|SubBytes     | SubBoxMem[0] | 256x8         | LUT            | 
|MixColumns   | LUTx3[0]     | 256x8         | LUT            | 
|MixColumns   | LUTx2[0]     | 256x8         | LUT            | 
|MixColumns   | LUTx3[0]     | 256x8         | LUT            | 
|MixColumns   | LUTx2[0]     | 256x8         | LUT            | 
|MixColumns   | LUTx3[0]     | 256x8         | LUT            | 
|MixColumns   | LUTx2[0]     | 256x8         | LUT            | 
|MixColumns   | LUTx3[0]     | 256x8         | LUT            | 
|MixColumns   | LUTx2[0]     | 256x8         | LUT            | 
|MixColumns   | LUTx2[0]     | 256x8         | LUT            | 
|MixColumns   | LUTx3[0]     | 256x8         | LUT            | 
|MixColumns   | LUTx2[0]     | 256x8         | LUT            | 
|MixColumns   | LUTx3[0]     | 256x8         | LUT            | 
|MixColumns   | LUTx2[0]     | 256x8         | LUT            | 
|MixColumns   | LUTx3[0]     | 256x8         | LUT            | 
|MixColumns   | LUTx2[0]     | 256x8         | LUT            | 
|MixColumns   | LUTx3[0]     | 256x8         | LUT            | 
|MixColumns   | LUTx2[0]     | 256x8         | LUT            | 
|MixColumns   | LUTx3[0]     | 256x8         | LUT            | 
|MixColumns   | LUTx2[0]     | 256x8         | LUT            | 
|MixColumns   | LUTx3[0]     | 256x8         | LUT            | 
|MixColumns   | LUTx2[0]     | 256x8         | LUT            | 
|MixColumns   | LUTx3[0]     | 256x8         | LUT            | 
|MixColumns   | LUTx2[0]     | 256x8         | LUT            | 
|MixColumns   | LUTx3[0]     | 256x8         | LUT            | 
|MixColumns   | LUTx2[0]     | 256x8         | LUT            | 
|MixColumns   | LUTx3[0]     | 256x8         | LUT            | 
|MixColumns   | LUTx2[0]     | 256x8         | LUT            | 
|MixColumns   | LUTx3[0]     | 256x8         | LUT            | 
|MixColumns   | LUTx2[0]     | 256x8         | LUT            | 
|MixColumns   | LUTx3[0]     | 256x8         | LUT            | 
|MixColumns   | LUTx2[0]     | 256x8         | LUT            | 
|MixColumns   | LUTx3[0]     | 256x8         | LUT            | 
|SubBytes     | SubBoxMem[0] | 256x8         | LUT            | 
|SubBytes     | SubBoxMem[0] | 256x8         | LUT            | 
|SubBytes     | SubBoxMem[0] | 256x8         | LUT            | 
|SubBytes     | SubBoxMem[0] | 256x8         | LUT            | 
|SubBytes     | SubBoxMem[0] | 256x8         | LUT            | 
|SubBytes     | SubBoxMem[0] | 256x8         | LUT            | 
|SubBytes     | SubBoxMem[0] | 256x8         | LUT            | 
|SubBytes     | SubBoxMem[0] | 256x8         | LUT            | 
|SubBytes     | SubBoxMem[0] | 256x8         | LUT            | 
|SubBytes     | SubBoxMem[0] | 256x8         | LUT            | 
|SubBytes     | SubBoxMem[0] | 256x8         | LUT            | 
|SubBytes     | SubBoxMem[0] | 256x8         | LUT            | 
|SubBytes     | SubBoxMem[0] | 256x8         | LUT            | 
|SubBytes     | SubBoxMem[0] | 256x8         | LUT            | 
|SubBytes     | SubBoxMem[0] | 256x8         | LUT            | 
|MixColumns   | LUTx3[0]     | 256x8         | LUT            | 
|MixColumns   | LUTx2[0]     | 256x8         | LUT            | 
|MixColumns   | LUTx3[0]     | 256x8         | LUT            | 
|MixColumns   | LUTx2[0]     | 256x8         | LUT            | 
|MixColumns   | LUTx3[0]     | 256x8         | LUT            | 
|SubBytes     | SubBoxMem[0] | 256x8         | LUT            | 
|MixColumns   | LUTx3[0]     | 256x8         | LUT            | 
|MixColumns   | LUTx2[0]     | 256x8         | LUT            | 
|MixColumns   | LUTx3[0]     | 256x8         | LUT            | 
|MixColumns   | LUTx2[0]     | 256x8         | LUT            | 
|MixColumns   | LUTx3[0]     | 256x8         | LUT            | 
|MixColumns   | LUTx2[0]     | 256x8         | LUT            | 
|MixColumns   | LUTx3[0]     | 256x8         | LUT            | 
|MixColumns   | LUTx2[0]     | 256x8         | LUT            | 
|MixColumns   | LUTx3[0]     | 256x8         | LUT            | 
|MixColumns   | LUTx2[0]     | 256x8         | LUT            | 
|MixColumns   | LUTx3[0]     | 256x8         | LUT            | 
|SubBytes     | SubBoxMem[0] | 256x8         | LUT            | 
|SubBytes     | SubBoxMem[0] | 256x8         | LUT            | 
|SubBytes     | SubBoxMem[0] | 256x8         | LUT            | 
|SubBytes     | SubBoxMem[0] | 256x8         | LUT            | 
|SubBytes     | SubBoxMem[0] | 256x8         | LUT            | 
|SubBytes     | SubBoxMem[0] | 256x8         | LUT            | 
|SubBytes     | SubBoxMem[0] | 256x8         | LUT            | 
|SubBytes     | SubBoxMem[0] | 256x8         | LUT            | 
|SubBytes     | SubBoxMem[0] | 256x8         | LUT            | 
|SubBytes     | SubBoxMem[0] | 256x8         | LUT            | 
|SubBytes     | SubBoxMem[0] | 256x8         | LUT            | 
|SubBytes     | SubBoxMem[0] | 256x8         | LUT            | 
|SubBytes     | SubBoxMem[0] | 256x8         | LUT            | 
|SubBytes     | SubBoxMem[0] | 256x8         | LUT            | 
|SubBytes     | SubBoxMem[0] | 256x8         | LUT            | 
|SubBytes     | SubBoxMem[0] | 256x8         | LUT            | 
|MixColumns   | LUTx3[0]     | 256x8         | LUT            | 
|MixColumns   | LUTx2[0]     | 256x8         | LUT            | 
|MixColumns   | LUTx2[0]     | 256x8         | LUT            | 
|MixColumns   | LUTx3[0]     | 256x8         | LUT            | 
|MixColumns   | LUTx2[0]     | 256x8         | LUT            | 
|MixColumns   | LUTx3[0]     | 256x8         | LUT            | 
|MixColumns   | LUTx2[0]     | 256x8         | LUT            | 
|MixColumns   | LUTx3[0]     | 256x8         | LUT            | 
|MixColumns   | LUTx2[0]     | 256x8         | LUT            | 
|MixColumns   | LUTx3[0]     | 256x8         | LUT            | 
|MixColumns   | LUTx2[0]     | 256x8         | LUT            | 
|MixColumns   | LUTx3[0]     | 256x8         | LUT            | 
|MixColumns   | LUTx2[0]     | 256x8         | LUT            | 
|MixColumns   | LUTx3[0]     | 256x8         | LUT            | 
|MixColumns   | LUTx2[0]     | 256x8         | LUT            | 
|MixColumns   | LUTx3[0]     | 256x8         | LUT            | 
|MixColumns   | LUTx2[0]     | 256x8         | LUT            | 
|MixColumns   | LUTx3[0]     | 256x8         | LUT            | 
|MixColumns   | LUTx2[0]     | 256x8         | LUT            | 
|MixColumns   | LUTx3[0]     | 256x8         | LUT            | 
|MixColumns   | LUTx2[0]     | 256x8         | LUT            | 
|MixColumns   | LUTx3[0]     | 256x8         | LUT            | 
|MixColumns   | LUTx2[0]     | 256x8         | LUT            | 
|MixColumns   | LUTx3[0]     | 256x8         | LUT            | 
|MixColumns   | LUTx2[0]     | 256x8         | LUT            | 
|SubBytes     | SubBoxMem[0] | 256x8         | LUT            | 
+-------------+--------------+---------------+----------------+

---------------------------------------------------------------------------------
Finished ROM, RAM, DSP and Shift Register Reporting
---------------------------------------------------------------------------------

Report RTL Partitions: 
+-+--------------+------------+----------+
| |RTL Partition |Replication |Instances |
+-+--------------+------------+----------+
+-+--------------+------------+----------+
---------------------------------------------------------------------------------
Start Applying XDC Timing Constraints
---------------------------------------------------------------------------------
---------------------------------------------------------------------------------
Finished Applying XDC Timing Constraints : Time (s): cpu = 00:03:14 ; elapsed = 00:04:24 . Memory (MB): peak = 1013.242 ; gain = 686.082
---------------------------------------------------------------------------------
---------------------------------------------------------------------------------
Start Timing Optimization
---------------------------------------------------------------------------------
---------------------------------------------------------------------------------
Finished Timing Optimization : Time (s): cpu = 00:03:20 ; elapsed = 00:04:31 . Memory (MB): peak = 1013.242 ; gain = 686.082
---------------------------------------------------------------------------------

Report RTL Partitions: 
+-+--------------+------------+----------+
| |RTL Partition |Replication |Instances |
+-+--------------+------------+----------+
+-+--------------+------------+----------+
---------------------------------------------------------------------------------
Start Technology Mapping
---------------------------------------------------------------------------------
---------------------------------------------------------------------------------
Finished Technology Mapping : Time (s): cpu = 00:03:32 ; elapsed = 00:04:46 . Memory (MB): peak = 1098.242 ; gain = 771.082
---------------------------------------------------------------------------------

Report RTL Partitions: 
+-+--------------+------------+----------+
| |RTL Partition |Replication |Instances |
+-+--------------+------------+----------+
+-+--------------+------------+----------+
---------------------------------------------------------------------------------
Start IO Insertion
---------------------------------------------------------------------------------
---------------------------------------------------------------------------------
Start Flattening Before IO Insertion
---------------------------------------------------------------------------------
---------------------------------------------------------------------------------
Finished Flattening Before IO Insertion
---------------------------------------------------------------------------------
---------------------------------------------------------------------------------
Start Final Netlist Cleanup
---------------------------------------------------------------------------------
---------------------------------------------------------------------------------
Finished Final Netlist Cleanup
---------------------------------------------------------------------------------
---------------------------------------------------------------------------------
Finished IO Insertion : Time (s): cpu = 00:03:36 ; elapsed = 00:04:51 . Memory (MB): peak = 1098.242 ; gain = 771.082
---------------------------------------------------------------------------------

Report Check Netlist: 
+------+------------------+-------+---------+-------+------------------+
|      |Item              |Errors |Warnings |Status |Description       |
+------+------------------+-------+---------+-------+------------------+
|1     |multi_driven_nets |      0|        0|Passed |Multi driven nets |
+------+------------------+-------+---------+-------+------------------+
---------------------------------------------------------------------------------
Start Renaming Generated Instances
---------------------------------------------------------------------------------
---------------------------------------------------------------------------------
Finished Renaming Generated Instances : Time (s): cpu = 00:03:37 ; elapsed = 00:04:51 . Memory (MB): peak = 1098.242 ; gain = 771.082
---------------------------------------------------------------------------------

Report RTL Partitions: 
+-+--------------+------------+----------+
| |RTL Partition |Replication |Instances |
+-+--------------+------------+----------+
+-+--------------+------------+----------+
---------------------------------------------------------------------------------
Start Rebuilding User Hierarchy
---------------------------------------------------------------------------------
---------------------------------------------------------------------------------
Finished Rebuilding User Hierarchy : Time (s): cpu = 00:03:39 ; elapsed = 00:04:54 . Memory (MB): peak = 1098.242 ; gain = 771.082
---------------------------------------------------------------------------------
---------------------------------------------------------------------------------
Start Renaming Generated Ports
---------------------------------------------------------------------------------
---------------------------------------------------------------------------------
Finished Renaming Generated Ports : Time (s): cpu = 00:04:07 ; elapsed = 00:05:29 . Memory (MB): peak = 1098.242 ; gain = 771.082
---------------------------------------------------------------------------------
---------------------------------------------------------------------------------
Start Handling Custom Attributes
---------------------------------------------------------------------------------
---------------------------------------------------------------------------------
Finished Handling Custom Attributes : Time (s): cpu = 00:04:08 ; elapsed = 00:05:30 . Memory (MB): peak = 1098.242 ; gain = 771.082
---------------------------------------------------------------------------------
---------------------------------------------------------------------------------
Start Renaming Generated Nets
---------------------------------------------------------------------------------
---------------------------------------------------------------------------------
Finished Renaming Generated Nets : Time (s): cpu = 00:04:08 ; elapsed = 00:05:30 . Memory (MB): peak = 1098.242 ; gain = 771.082
---------------------------------------------------------------------------------
---------------------------------------------------------------------------------
Start Writing Synthesis Report
---------------------------------------------------------------------------------

Report BlackBoxes: 
+-+--------------+----------+
| |BlackBox name |Instances |
+-+--------------+----------+
+-+--------------+----------+

Report Cell Usage: 
+------+------+------+
|      |Cell  |Count |
+------+------+------+
|1     |LUT1  |     1|
|2     |LUT2  |   303|
|3     |LUT3  |   186|
|4     |LUT4  |   596|
|5     |LUT5  |   792|
|6     |LUT6  |  7733|
|7     |MUXF7 |  3092|
|8     |MUXF8 |  1336|
|9     |FDRE  |   393|
|10    |FDSE  |     4|
+------+------+------+

Report Instance Areas: 
+------+--------------------------------+-----------------------+------+
|      |Instance                        |Module                 |Cells |
+------+--------------------------------+-----------------------+------+
|1     |top                             |                       | 14436|
|2     |  U0                            |AES128_IP_v1_0         | 14436|
|3     |    AES128_IP_v1_0_S00_AXI_inst |AES128_IP_v1_0_S00_AXI | 14433|
|4     |      AESAlg                    |AES                    |  4400|
|5     |        BytesSubstitutionR1     |SubBytes               |   384|
|6     |        BytesSubstitutionR10    |SubBytes_0             |   384|
|7     |        BytesSubstitutionR2     |SubBytes_1             |   384|
|8     |        BytesSubstitutionR3     |SubBytes_2             |   384|
|9     |        BytesSubstitutionR4     |SubBytes_3             |   384|
|10    |        BytesSubstitutionR5     |SubBytes_4             |   384|
|11    |        BytesSubstitutionR6     |SubBytes_5             |   384|
|12    |        BytesSubstitutionR7     |SubBytes_6             |   384|
|13    |        BytesSubstitutionR8     |SubBytes_7             |   384|
|14    |        BytesSubstitutionR9     |SubBytes_8             |   384|
|15    |        KeyExpansion            |KeyExpansion           |   560|
+------+--------------------------------+-----------------------+------+
---------------------------------------------------------------------------------
Finished Writing Synthesis Report : Time (s): cpu = 00:04:08 ; elapsed = 00:05:30 . Memory (MB): peak = 1098.242 ; gain = 771.082
---------------------------------------------------------------------------------
Synthesis finished with 0 errors, 0 critical warnings and 140 warnings.
Synthesis Optimization Runtime : Time (s): cpu = 00:03:36 ; elapsed = 00:05:11 . Memory (MB): peak = 1098.242 ; gain = 435.590
Synthesis Optimization Complete : Time (s): cpu = 00:04:08 ; elapsed = 00:05:30 . Memory (MB): peak = 1098.242 ; gain = 771.082
INFO: [Project 1-571] Translating synthesized netlist
INFO: [Netlist 29-17] Analyzing 4428 Unisim elements for replacement
INFO: [Netlist 29-28] Unisim Transformation completed in 0 CPU seconds
INFO: [Project 1-570] Preparing netlist for logic optimization
INFO: [Opt 31-138] Pushed 0 inverter(s) to 0 load pin(s).
INFO: [Project 1-111] Unisim Transformation Summary:
No Unisim elements were transformed.

INFO: [Common 17-83] Releasing license: Synthesis
44 Infos, 189 Warnings, 0 Critical Warnings and 0 Errors encountered.
synth_design completed successfully
synth_design: Time (s): cpu = 00:04:17 ; elapsed = 00:05:41 . Memory (MB): peak = 1098.242 ; gain = 782.547
INFO: [Common 17-1381] The checkpoint 'C:/Users/Utilizador/VivadoProjects/EncryptionAES128/EncryptionAES128.runs/design_1_AES128_IP_0_0_synth_1/design_1_AES128_IP_0_0.dcp' has been generated.
write_checkpoint: Time (s): cpu = 00:00:07 ; elapsed = 00:00:06 . Memory (MB): peak = 1098.242 ; gain = 0.000
write_vhdl: Time (s): cpu = 00:00:23 ; elapsed = 00:00:27 . Memory (MB): peak = 1098.242 ; gain = 0.000
